<?xml version="1.0" encoding="UTF-8"?>
<testng-results ignored="0" total="1" passed="1" failed="0" skipped="0">
  <reporter-output>
  </reporter-output>
  <suite started-at="2023-09-11T12:02:07 IST" name="Suite" finished-at="2023-09-11T12:02:14 IST" duration-ms="6295">
    <groups>
    </groups>
    <test started-at="2023-09-11T12:02:07 IST" name="Test" finished-at="2023-09-11T12:02:14 IST" duration-ms="6295">
      <class name="Selenium.LoginTest">
        <test-method signature="Setup()[pri:0, instance:Selenium.LoginTest@40ef3420]" started-at="2023-09-11T12:02:08 IST" name="Setup" finished-at="2023-09-11T12:02:14 IST" duration-ms="6261" status="PASS">
          <reporter-output>
          </reporter-output>
        </test-method> <!-- Setup -->
      </class> <!-- Selenium.LoginTest -->
    </test> <!-- Test -->
  </suite> <!-- Suite -->
</testng-results>
