<?xml version="1.0" encoding="UTF-8"?>
<testng-results ignored="0" total="1" passed="1" failed="0" skipped="0">
  <reporter-output>
  </reporter-output>
  <suite started-at="2023-09-11T12:11:33 IST" name="Default suite" finished-at="2023-09-11T12:11:42 IST" duration-ms="9217">
    <groups>
    </groups>
    <test started-at="2023-09-11T12:11:33 IST" name="Default test" finished-at="2023-09-11T12:11:42 IST" duration-ms="9217">
      <class name="Selenium.LoginTest">
        <test-method signature="Setup()[pri:0, instance:Selenium.LoginTest@1dde4cb2]" started-at="2023-09-11T12:11:33 IST" name="Setup" finished-at="2023-09-11T12:11:42 IST" duration-ms="9176" status="PASS">
          <reporter-output>
          </reporter-output>
        </test-method> <!-- Setup -->
      </class> <!-- Selenium.LoginTest -->
    </test> <!-- Default test -->
  </suite> <!-- Default suite -->
</testng-results>
